c:\users\jf\documents\of_v0.10.0_vs2017_release\apps\myapps\addons\ofxopencv\src\ofxcvcolorimage.obj
c:\users\jf\documents\of_v0.10.0_vs2017_release\apps\myapps\addons\ofxopencv\src\ofxcvimage.obj
c:\users\jf\documents\of_v0.10.0_vs2017_release\apps\myapps\addons\ofxopencv\src\ofxcvfloatimage.obj
c:\users\jf\documents\of_v0.10.0_vs2017_release\apps\myapps\addons\ofxopencv\src\ofxcvhaarfinder.obj
c:\users\jf\documents\of_v0.10.0_vs2017_release\apps\myapps\addons\ofxopencv\src\ofxcvgrayscaleimage.obj
c:\users\jf\documents\of_v0.10.0_vs2017_release\apps\myapps\addons\ofxopencv\src\ofxcvcontourfinder.obj
c:\users\jf\documents\of_v0.10.0_vs2017_release\apps\myapps\addons\ofxopencv\src\ofxcvshortimage.obj
c:\users\jf\documents\of_v0.10.0_vs2017_release\apps\myapps\vj\obj\debug\vc141.pdb
c:\users\jf\documents\of_v0.10.0_vs2017_release\apps\myapps\addons\ofxthreadedimageloader\src\ofxthreadedimageloader.obj
c:\users\jf\documents\of_v0.10.0_vs2017_release\apps\myapps\vj\obj\debug\src\main.obj
c:\users\jf\documents\of_v0.10.0_vs2017_release\apps\myapps\vj\obj\debug\src\ofapp.obj
c:\users\jf\documents\of_v0.10.0_vs2017_release\apps\myapps\vj\obj\debug\icon.res
c:\users\jf\documents\of_v0.10.0_vs2017_release\apps\myapps\vj\bin\vj_debug.lib
c:\users\jf\documents\of_v0.10.0_vs2017_release\apps\myapps\vj\bin\vj_debug.exp
c:\users\jf\documents\of_v0.10.0_vs2017_release\apps\myapps\vj\obj\debug\vj.tlog\cl.command.1.tlog
c:\users\jf\documents\of_v0.10.0_vs2017_release\apps\myapps\vj\obj\debug\vj.tlog\cl.read.1.tlog
c:\users\jf\documents\of_v0.10.0_vs2017_release\apps\myapps\vj\obj\debug\vj.tlog\cl.write.1.tlog
c:\users\jf\documents\of_v0.10.0_vs2017_release\apps\myapps\vj\obj\debug\vj.tlog\link-cvtres.read.1.tlog
c:\users\jf\documents\of_v0.10.0_vs2017_release\apps\myapps\vj\obj\debug\vj.tlog\link-cvtres.write.1.tlog
c:\users\jf\documents\of_v0.10.0_vs2017_release\apps\myapps\vj\obj\debug\vj.tlog\link-rc.read.1.tlog
c:\users\jf\documents\of_v0.10.0_vs2017_release\apps\myapps\vj\obj\debug\vj.tlog\link-rc.write.1.tlog
c:\users\jf\documents\of_v0.10.0_vs2017_release\apps\myapps\vj\obj\debug\vj.tlog\link.10784-cvtres.read.1.tlog
c:\users\jf\documents\of_v0.10.0_vs2017_release\apps\myapps\vj\obj\debug\vj.tlog\link.10784-cvtres.write.1.tlog
c:\users\jf\documents\of_v0.10.0_vs2017_release\apps\myapps\vj\obj\debug\vj.tlog\link.10784-rc.read.1.tlog
c:\users\jf\documents\of_v0.10.0_vs2017_release\apps\myapps\vj\obj\debug\vj.tlog\link.10784-rc.write.1.tlog
c:\users\jf\documents\of_v0.10.0_vs2017_release\apps\myapps\vj\obj\debug\vj.tlog\link.10784.read.1.tlog
c:\users\jf\documents\of_v0.10.0_vs2017_release\apps\myapps\vj\obj\debug\vj.tlog\link.10784.write.1.tlog
c:\users\jf\documents\of_v0.10.0_vs2017_release\apps\myapps\vj\obj\debug\vj.tlog\link.command.1.tlog
c:\users\jf\documents\of_v0.10.0_vs2017_release\apps\myapps\vj\obj\debug\vj.tlog\link.read.1.tlog
c:\users\jf\documents\of_v0.10.0_vs2017_release\apps\myapps\vj\obj\debug\vj.tlog\link.write.1.tlog
c:\users\jf\documents\of_v0.10.0_vs2017_release\apps\myapps\vj\obj\debug\vj.tlog\rc.command.1.tlog
c:\users\jf\documents\of_v0.10.0_vs2017_release\apps\myapps\vj\obj\debug\vj.tlog\rc.read.1.tlog
c:\users\jf\documents\of_v0.10.0_vs2017_release\apps\myapps\vj\obj\debug\vj.tlog\rc.write.1.tlog
c:\users\jf\documents\of_v0.10.0_vs2017_release\apps\myapps\vj\obj\debug\vj.tlog\vj.write.1u.tlog
