  main.cpp
  ofApp.cpp
c:\users\jf\documents\of_v0.10.0_vs2017_release\libs\openframeworks\math\ofvec3f.h : warning C4819: ファイルは、現在のコード ページ (932) で表示できない文字を含んでいます。データの損失を防ぐために、ファイルを Unicode 形式で保存してください。 (ソース ファイルをコンパイルしています src\main.cpp)
c:\users\jf\documents\of_v0.10.0_vs2017_release\libs\openframeworks\math\ofvec2f.h : warning C4819: ファイルは、現在のコード ページ (932) で表示できない文字を含んでいます。データの損失を防ぐために、ファイルを Unicode 形式で保存してください。 (ソース ファイルをコンパイルしています src\main.cpp)
c:\users\jf\documents\of_v0.10.0_vs2017_release\libs\openframeworks\math\ofvec3f.h : warning C4819: ファイルは、現在のコード ページ (932) で表示できない文字を含んでいます。データの損失を防ぐために、ファイルを Unicode 形式で保存してください。 (ソース ファイルをコンパイルしています src\ofApp.cpp)
c:\users\jf\documents\of_v0.10.0_vs2017_release\libs\openframeworks\math\ofvec2f.h : warning C4819: ファイルは、現在のコード ページ (932) で表示できない文字を含んでいます。データの損失を防ぐために、ファイルを Unicode 形式で保存してください。 (ソース ファイルをコンパイルしています src\ofApp.cpp)
c:\users\jf\documents\of_v0.10.0_vs2017_release\addons\ofxopencv\libs\opencv\include\opencv2\core\mat.hpp(1964): warning C4819: ファイルは、現在のコード ページ (932) で表示できない文字を含んでいます。データの損失を防ぐために、ファイルを Unicode 形式で保存してください。 (ソース ファイルをコンパイルしています src\main.cpp)
c:\users\jf\documents\of_v0.10.0_vs2017_release\addons\ofxopencv\libs\opencv\include\opencv2\core\mat.hpp(1964): warning C4819: ファイルは、現在のコード ページ (932) で表示できない文字を含んでいます。データの損失を防ぐために、ファイルを Unicode 形式で保存してください。 (ソース ファイルをコンパイルしています src\ofApp.cpp)
c:\users\jf\documents\of_v0.10.0_vs2017_release\addons\ofxopencv\libs\opencv\include\opencv2\core\persistence.hpp : warning C4819: ファイルは、現在のコード ページ (932) で表示できない文字を含んでいます。データの損失を防ぐために、ファイルを Unicode 形式で保存してください。 (ソース ファイルをコンパイルしています src\main.cpp)
c:\users\jf\documents\of_v0.10.0_vs2017_release\addons\ofxopencv\libs\opencv\include\opencv2\core\persistence.hpp : warning C4819: ファイルは、現在のコード ページ (932) で表示できない文字を含んでいます。データの損失を防ぐために、ファイルを Unicode 形式で保存してください。 (ソース ファイルをコンパイルしています src\ofApp.cpp)
c:\users\jf\documents\of_v0.10.0_vs2017_release\addons\ofxopencv\libs\opencv\include\opencv2\core\utility.hpp : warning C4819: ファイルは、現在のコード ページ (932) で表示できない文字を含んでいます。データの損失を防ぐために、ファイルを Unicode 形式で保存してください。 (ソース ファイルをコンパイルしています src\main.cpp)
c:\users\jf\documents\of_v0.10.0_vs2017_release\addons\ofxopencv\libs\opencv\include\opencv2\core\utility.hpp : warning C4819: ファイルは、現在のコード ページ (932) で表示できない文字を含んでいます。データの損失を防ぐために、ファイルを Unicode 形式で保存してください。 (ソース ファイルをコンパイルしています src\ofApp.cpp)
c:\users\jf\documents\of_v0.10.0_vs2017_release\apps\myapps\vj\src\ofapp.cpp(256): warning C4996: 'ofImage_<unsigned char>::getPixelsRef': Use getPixels() instead
  c:\users\jf\documents\of_v0.10.0_vs2017_release\libs\openframeworks\graphics\ofimage.h(410): note: 'ofImage_<unsigned char>::getPixelsRef' の宣言を確認してください
c:\users\jf\documents\of_v0.10.0_vs2017_release\apps\myapps\vj\src\ofapp.cpp(296): warning C4996: 'ofImage_<unsigned char>::getPixelsRef': Use getPixels() instead
  c:\users\jf\documents\of_v0.10.0_vs2017_release\libs\openframeworks\graphics\ofimage.h(410): note: 'ofImage_<unsigned char>::getPixelsRef' の宣言を確認してください
  ofxCvColorImage.cpp
  ofxCvContourFinder.cpp
  ofxCvFloatImage.cpp
  ofxCvGrayscaleImage.cpp
c:\users\jf\documents\of_v0.10.0_vs2017_release\addons\ofxopencv\libs\opencv\include\opencv2\core\mat.hpp(1964): warning C4819: ファイルは、現在のコード ページ (932) で表示できない文字を含んでいます。データの損失を防ぐために、ファイルを Unicode 形式で保存してください。 (ソース ファイルをコンパイルしています ..\..\..\addons\ofxOpenCv\src\ofxCvColorImage.cpp)
c:\users\jf\documents\of_v0.10.0_vs2017_release\addons\ofxopencv\libs\opencv\include\opencv2\core\mat.hpp(1964): warning C4819: ファイルは、現在のコード ページ (932) で表示できない文字を含んでいます。データの損失を防ぐために、ファイルを Unicode 形式で保存してください。 (ソース ファイルをコンパイルしています ..\..\..\addons\ofxOpenCv\src\ofxCvFloatImage.cpp)
c:\users\jf\documents\of_v0.10.0_vs2017_release\addons\ofxopencv\libs\opencv\include\opencv2\core\mat.hpp(1964): warning C4819: ファイルは、現在のコード ページ (932) で表示できない文字を含んでいます。データの損失を防ぐために、ファイルを Unicode 形式で保存してください。 (ソース ファイルをコンパイルしています ..\..\..\addons\ofxOpenCv\src\ofxCvGrayscaleImage.cpp)
c:\users\jf\documents\of_v0.10.0_vs2017_release\addons\ofxopencv\libs\opencv\include\opencv2\core\mat.hpp(1964): warning C4819: ファイルは、現在のコード ページ (932) で表示できない文字を含んでいます。データの損失を防ぐために、ファイルを Unicode 形式で保存してください。 (ソース ファイルをコンパイルしています ..\..\..\addons\ofxOpenCv\src\ofxCvContourFinder.cpp)
c:\users\jf\documents\of_v0.10.0_vs2017_release\addons\ofxopencv\libs\opencv\include\opencv2\core\persistence.hpp : warning C4819: ファイルは、現在のコード ページ (932) で表示できない文字を含んでいます。データの損失を防ぐために、ファイルを Unicode 形式で保存してください。 (ソース ファイルをコンパイルしています ..\..\..\addons\ofxOpenCv\src\ofxCvColorImage.cpp)
c:\users\jf\documents\of_v0.10.0_vs2017_release\addons\ofxopencv\libs\opencv\include\opencv2\core\persistence.hpp : warning C4819: ファイルは、現在のコード ページ (932) で表示できない文字を含んでいます。データの損失を防ぐために、ファイルを Unicode 形式で保存してください。 (ソース ファイルをコンパイルしています ..\..\..\addons\ofxOpenCv\src\ofxCvFloatImage.cpp)
c:\users\jf\documents\of_v0.10.0_vs2017_release\addons\ofxopencv\libs\opencv\include\opencv2\core\persistence.hpp : warning C4819: ファイルは、現在のコード ページ (932) で表示できない文字を含んでいます。データの損失を防ぐために、ファイルを Unicode 形式で保存してください。 (ソース ファイルをコンパイルしています ..\..\..\addons\ofxOpenCv\src\ofxCvGrayscaleImage.cpp)
c:\users\jf\documents\of_v0.10.0_vs2017_release\addons\ofxopencv\libs\opencv\include\opencv2\core\utility.hpp : warning C4819: ファイルは、現在のコード ページ (932) で表示できない文字を含んでいます。データの損失を防ぐために、ファイルを Unicode 形式で保存してください。 (ソース ファイルをコンパイルしています ..\..\..\addons\ofxOpenCv\src\ofxCvColorImage.cpp)
c:\users\jf\documents\of_v0.10.0_vs2017_release\addons\ofxopencv\libs\opencv\include\opencv2\core\utility.hpp : warning C4819: ファイルは、現在のコード ページ (932) で表示できない文字を含んでいます。データの損失を防ぐために、ファイルを Unicode 形式で保存してください。 (ソース ファイルをコンパイルしています ..\..\..\addons\ofxOpenCv\src\ofxCvFloatImage.cpp)
c:\users\jf\documents\of_v0.10.0_vs2017_release\addons\ofxopencv\libs\opencv\include\opencv2\core\persistence.hpp : warning C4819: ファイルは、現在のコード ページ (932) で表示できない文字を含んでいます。データの損失を防ぐために、ファイルを Unicode 形式で保存してください。 (ソース ファイルをコンパイルしています ..\..\..\addons\ofxOpenCv\src\ofxCvContourFinder.cpp)
c:\users\jf\documents\of_v0.10.0_vs2017_release\addons\ofxopencv\libs\opencv\include\opencv2\core\utility.hpp : warning C4819: ファイルは、現在のコード ページ (932) で表示できない文字を含んでいます。データの損失を防ぐために、ファイルを Unicode 形式で保存してください。 (ソース ファイルをコンパイルしています ..\..\..\addons\ofxOpenCv\src\ofxCvGrayscaleImage.cpp)
c:\users\jf\documents\of_v0.10.0_vs2017_release\addons\ofxopencv\libs\opencv\include\opencv2\core\utility.hpp : warning C4819: ファイルは、現在のコード ページ (932) で表示できない文字を含んでいます。データの損失を防ぐために、ファイルを Unicode 形式で保存してください。 (ソース ファイルをコンパイルしています ..\..\..\addons\ofxOpenCv\src\ofxCvContourFinder.cpp)
c:\users\jf\documents\of_v0.10.0_vs2017_release\libs\openframeworks\math\ofvec3f.h : warning C4819: ファイルは、現在のコード ページ (932) で表示できない文字を含んでいます。データの損失を防ぐために、ファイルを Unicode 形式で保存してください。 (ソース ファイルをコンパイルしています ..\..\..\addons\ofxOpenCv\src\ofxCvFloatImage.cpp)
c:\users\jf\documents\of_v0.10.0_vs2017_release\libs\openframeworks\math\ofvec2f.h : warning C4819: ファイルは、現在のコード ページ (932) で表示できない文字を含んでいます。データの損失を防ぐために、ファイルを Unicode 形式で保存してください。 (ソース ファイルをコンパイルしています ..\..\..\addons\ofxOpenCv\src\ofxCvFloatImage.cpp)
c:\users\jf\documents\of_v0.10.0_vs2017_release\libs\openframeworks\math\ofvec3f.h : warning C4819: ファイルは、現在のコード ページ (932) で表示できない文字を含んでいます。データの損失を防ぐために、ファイルを Unicode 形式で保存してください。 (ソース ファイルをコンパイルしています ..\..\..\addons\ofxOpenCv\src\ofxCvGrayscaleImage.cpp)
c:\users\jf\documents\of_v0.10.0_vs2017_release\libs\openframeworks\math\ofvec2f.h : warning C4819: ファイルは、現在のコード ページ (932) で表示できない文字を含んでいます。データの損失を防ぐために、ファイルを Unicode 形式で保存してください。 (ソース ファイルをコンパイルしています ..\..\..\addons\ofxOpenCv\src\ofxCvGrayscaleImage.cpp)
c:\users\jf\documents\of_v0.10.0_vs2017_release\libs\openframeworks\math\ofvec3f.h : warning C4819: ファイルは、現在のコード ページ (932) で表示できない文字を含んでいます。データの損失を防ぐために、ファイルを Unicode 形式で保存してください。 (ソース ファイルをコンパイルしています ..\..\..\addons\ofxOpenCv\src\ofxCvColorImage.cpp)
c:\users\jf\documents\of_v0.10.0_vs2017_release\libs\openframeworks\math\ofvec2f.h : warning C4819: ファイルは、現在のコード ページ (932) で表示できない文字を含んでいます。データの損失を防ぐために、ファイルを Unicode 形式で保存してください。 (ソース ファイルをコンパイルしています ..\..\..\addons\ofxOpenCv\src\ofxCvColorImage.cpp)
c:\users\jf\documents\of_v0.10.0_vs2017_release\libs\openframeworks\math\ofvec3f.h : warning C4819: ファイルは、現在のコード ページ (932) で表示できない文字を含んでいます。データの損失を防ぐために、ファイルを Unicode 形式で保存してください。 (ソース ファイルをコンパイルしています ..\..\..\addons\ofxOpenCv\src\ofxCvContourFinder.cpp)
c:\users\jf\documents\of_v0.10.0_vs2017_release\libs\openframeworks\math\ofvec2f.h : warning C4819: ファイルは、現在のコード ページ (932) で表示できない文字を含んでいます。データの損失を防ぐために、ファイルを Unicode 形式で保存してください。 (ソース ファイルをコンパイルしています ..\..\..\addons\ofxOpenCv\src\ofxCvContourFinder.cpp)
  ofxCvHaarFinder.cpp
  ofxCvImage.cpp
  ofxCvShortImage.cpp
c:\users\jf\documents\of_v0.10.0_vs2017_release\addons\ofxopencv\libs\opencv\include\opencv2\core\mat.hpp(1964): warning C4819: ファイルは、現在のコード ページ (932) で表示できない文字を含んでいます。データの損失を防ぐために、ファイルを Unicode 形式で保存してください。 (ソース ファイルをコンパイルしています ..\..\..\addons\ofxOpenCv\src\ofxCvImage.cpp)
c:\users\jf\documents\of_v0.10.0_vs2017_release\addons\ofxopencv\libs\opencv\include\opencv2\core\mat.hpp(1964): warning C4819: ファイルは、現在のコード ページ (932) で表示できない文字を含んでいます。データの損失を防ぐために、ファイルを Unicode 形式で保存してください。 (ソース ファイルをコンパイルしています ..\..\..\addons\ofxOpenCv\src\ofxCvShortImage.cpp)
c:\users\jf\documents\of_v0.10.0_vs2017_release\addons\ofxopencv\libs\opencv\include\opencv2\core\persistence.hpp : warning C4819: ファイルは、現在のコード ページ (932) で表示できない文字を含んでいます。データの損失を防ぐために、ファイルを Unicode 形式で保存してください。 (ソース ファイルをコンパイルしています ..\..\..\addons\ofxOpenCv\src\ofxCvImage.cpp)
c:\users\jf\documents\of_v0.10.0_vs2017_release\addons\ofxopencv\libs\opencv\include\opencv2\core\persistence.hpp : warning C4819: ファイルは、現在のコード ページ (932) で表示できない文字を含んでいます。データの損失を防ぐために、ファイルを Unicode 形式で保存してください。 (ソース ファイルをコンパイルしています ..\..\..\addons\ofxOpenCv\src\ofxCvShortImage.cpp)
c:\users\jf\documents\of_v0.10.0_vs2017_release\addons\ofxopencv\libs\opencv\include\opencv2\core\utility.hpp : warning C4819: ファイルは、現在のコード ページ (932) で表示できない文字を含んでいます。データの損失を防ぐために、ファイルを Unicode 形式で保存してください。 (ソース ファイルをコンパイルしています ..\..\..\addons\ofxOpenCv\src\ofxCvImage.cpp)
c:\users\jf\documents\of_v0.10.0_vs2017_release\addons\ofxopencv\libs\opencv\include\opencv2\core\utility.hpp : warning C4819: ファイルは、現在のコード ページ (932) で表示できない文字を含んでいます。データの損失を防ぐために、ファイルを Unicode 形式で保存してください。 (ソース ファイルをコンパイルしています ..\..\..\addons\ofxOpenCv\src\ofxCvShortImage.cpp)
c:\users\jf\documents\of_v0.10.0_vs2017_release\libs\openframeworks\math\ofvec3f.h : warning C4819: ファイルは、現在のコード ページ (932) で表示できない文字を含んでいます。データの損失を防ぐために、ファイルを Unicode 形式で保存してください。 (ソース ファイルをコンパイルしています ..\..\..\addons\ofxOpenCv\src\ofxCvHaarFinder.cpp)
c:\users\jf\documents\of_v0.10.0_vs2017_release\libs\openframeworks\math\ofvec2f.h : warning C4819: ファイルは、現在のコード ページ (932) で表示できない文字を含んでいます。データの損失を防ぐために、ファイルを Unicode 形式で保存してください。 (ソース ファイルをコンパイルしています ..\..\..\addons\ofxOpenCv\src\ofxCvHaarFinder.cpp)
c:\users\jf\documents\of_v0.10.0_vs2017_release\libs\openframeworks\math\ofvec3f.h : warning C4819: ファイルは、現在のコード ページ (932) で表示できない文字を含んでいます。データの損失を防ぐために、ファイルを Unicode 形式で保存してください。 (ソース ファイルをコンパイルしています ..\..\..\addons\ofxOpenCv\src\ofxCvImage.cpp)
c:\users\jf\documents\of_v0.10.0_vs2017_release\libs\openframeworks\math\ofvec2f.h : warning C4819: ファイルは、現在のコード ページ (932) で表示できない文字を含んでいます。データの損失を防ぐために、ファイルを Unicode 形式で保存してください。 (ソース ファイルをコンパイルしています ..\..\..\addons\ofxOpenCv\src\ofxCvImage.cpp)
c:\users\jf\documents\of_v0.10.0_vs2017_release\libs\openframeworks\math\ofvec3f.h : warning C4819: ファイルは、現在のコード ページ (932) で表示できない文字を含んでいます。データの損失を防ぐために、ファイルを Unicode 形式で保存してください。 (ソース ファイルをコンパイルしています ..\..\..\addons\ofxOpenCv\src\ofxCvShortImage.cpp)
c:\users\jf\documents\of_v0.10.0_vs2017_release\libs\openframeworks\math\ofvec2f.h : warning C4819: ファイルは、現在のコード ページ (932) で表示できない文字を含んでいます。データの損失を防ぐために、ファイルを Unicode 形式で保存してください。 (ソース ファイルをコンパイルしています ..\..\..\addons\ofxOpenCv\src\ofxCvShortImage.cpp)
c:\users\jf\documents\of_v0.10.0_vs2017_release\addons\ofxopencv\libs\opencv\include\opencv2\core\mat.hpp(1964): warning C4819: ファイルは、現在のコード ページ (932) で表示できない文字を含んでいます。データの損失を防ぐために、ファイルを Unicode 形式で保存してください。 (ソース ファイルをコンパイルしています ..\..\..\addons\ofxOpenCv\src\ofxCvHaarFinder.cpp)
c:\users\jf\documents\of_v0.10.0_vs2017_release\addons\ofxopencv\libs\opencv\include\opencv2\core\persistence.hpp : warning C4819: ファイルは、現在のコード ページ (932) で表示できない文字を含んでいます。データの損失を防ぐために、ファイルを Unicode 形式で保存してください。 (ソース ファイルをコンパイルしています ..\..\..\addons\ofxOpenCv\src\ofxCvHaarFinder.cpp)
c:\users\jf\documents\of_v0.10.0_vs2017_release\addons\ofxopencv\libs\opencv\include\opencv2\core\utility.hpp : warning C4819: ファイルは、現在のコード ページ (932) で表示できない文字を含んでいます。データの損失を防ぐために、ファイルを Unicode 形式で保存してください。 (ソース ファイルをコンパイルしています ..\..\..\addons\ofxOpenCv\src\ofxCvHaarFinder.cpp)
  ofxOscBundle.cpp
  ofxOscMessage.cpp
  ofxOscParameterSync.cpp
  ofxOscReceiver.cpp
c:\users\jf\documents\of_v0.10.0_vs2017_release\libs\openframeworks\math\ofvec3f.h : warning C4819: ファイルは、現在のコード ページ (932) で表示できない文字を含んでいます。データの損失を防ぐために、ファイルを Unicode 形式で保存してください。 (ソース ファイルをコンパイルしています ..\..\..\addons\ofxOsc\src\ofxOscReceiver.cpp)
c:\users\jf\documents\of_v0.10.0_vs2017_release\libs\openframeworks\math\ofvec2f.h : warning C4819: ファイルは、現在のコード ページ (932) で表示できない文字を含んでいます。データの損失を防ぐために、ファイルを Unicode 形式で保存してください。 (ソース ファイルをコンパイルしています ..\..\..\addons\ofxOsc\src\ofxOscReceiver.cpp)
c:\users\jf\documents\of_v0.10.0_vs2017_release\libs\openframeworks\math\ofvec3f.h : warning C4819: ファイルは、現在のコード ページ (932) で表示できない文字を含んでいます。データの損失を防ぐために、ファイルを Unicode 形式で保存してください。 (ソース ファイルをコンパイルしています ..\..\..\addons\ofxOsc\src\ofxOscParameterSync.cpp)
c:\users\jf\documents\of_v0.10.0_vs2017_release\libs\openframeworks\math\ofvec2f.h : warning C4819: ファイルは、現在のコード ページ (932) で表示できない文字を含んでいます。データの損失を防ぐために、ファイルを Unicode 形式で保存してください。 (ソース ファイルをコンパイルしています ..\..\..\addons\ofxOsc\src\ofxOscParameterSync.cpp)
  ofxOscSender.cpp
c:\users\jf\documents\of_v0.10.0_vs2017_release\libs\openframeworks\math\ofvec3f.h : warning C4819: ファイルは、現在のコード ページ (932) で表示できない文字を含んでいます。データの損失を防ぐために、ファイルを Unicode 形式で保存してください。 (ソース ファイルをコンパイルしています ..\..\..\addons\ofxOsc\src\ofxOscSender.cpp)
c:\users\jf\documents\of_v0.10.0_vs2017_release\libs\openframeworks\math\ofvec2f.h : warning C4819: ファイルは、現在のコード ページ (932) で表示できない文字を含んでいます。データの損失を防ぐために、ファイルを Unicode 形式で保存してください。 (ソース ファイルをコンパイルしています ..\..\..\addons\ofxOsc\src\ofxOscSender.cpp)
  IpEndpointName.cpp
c:\users\jf\documents\of_v0.10.0_vs2017_release\addons\ofxosc\libs\oscpack\src\ip\ipendpointname.cpp(54): warning C4996: 'sprintf': This function or variable may be unsafe. Consider using sprintf_s instead. To disable deprecation, use _CRT_SECURE_NO_WARNINGS. See online help for details.
  c:\program files (x86)\windows kits\10\include\10.0.17134.0\ucrt\stdio.h(1774): note: 'sprintf' の宣言を確認してください
c:\users\jf\documents\of_v0.10.0_vs2017_release\addons\ofxosc\libs\oscpack\src\ip\ipendpointname.cpp(56): warning C4996: 'sprintf': This function or variable may be unsafe. Consider using sprintf_s instead. To disable deprecation, use _CRT_SECURE_NO_WARNINGS. See online help for details.
  c:\program files (x86)\windows kits\10\include\10.0.17134.0\ucrt\stdio.h(1774): note: 'sprintf' の宣言を確認してください
c:\users\jf\documents\of_v0.10.0_vs2017_release\addons\ofxosc\libs\oscpack\src\ip\ipendpointname.cpp(69): warning C4996: 'sprintf': This function or variable may be unsafe. Consider using sprintf_s instead. To disable deprecation, use _CRT_SECURE_NO_WARNINGS. See online help for details.
  c:\program files (x86)\windows kits\10\include\10.0.17134.0\ucrt\stdio.h(1774): note: 'sprintf' の宣言を確認してください
c:\users\jf\documents\of_v0.10.0_vs2017_release\addons\ofxosc\libs\oscpack\src\ip\ipendpointname.cpp(71): warning C4996: 'sprintf': This function or variable may be unsafe. Consider using sprintf_s instead. To disable deprecation, use _CRT_SECURE_NO_WARNINGS. See online help for details.
  c:\program files (x86)\windows kits\10\include\10.0.17134.0\ucrt\stdio.h(1774): note: 'sprintf' の宣言を確認してください
c:\users\jf\documents\of_v0.10.0_vs2017_release\addons\ofxosc\libs\oscpack\src\ip\ipendpointname.cpp(79): warning C4996: 'sprintf': This function or variable may be unsafe. Consider using sprintf_s instead. To disable deprecation, use _CRT_SECURE_NO_WARNINGS. See online help for details.
  c:\program files (x86)\windows kits\10\include\10.0.17134.0\ucrt\stdio.h(1774): note: 'sprintf' の宣言を確認してください
c:\users\jf\documents\of_v0.10.0_vs2017_release\addons\ofxosc\libs\oscpack\src\ip\ipendpointname.cpp(81): warning C4996: 'sprintf': This function or variable may be unsafe. Consider using sprintf_s instead. To disable deprecation, use _CRT_SECURE_NO_WARNINGS. See online help for details.
  c:\program files (x86)\windows kits\10\include\10.0.17134.0\ucrt\stdio.h(1774): note: 'sprintf' の宣言を確認してください
  NetworkingUtils.cpp
  UdpSocket.cpp
c:\users\jf\documents\of_v0.10.0_vs2017_release\addons\ofxosc\libs\oscpack\src\ip\win32\networkingutils.cpp(88): warning C4996: 'gethostbyname': Use getaddrinfo() or GetAddrInfoW() instead or define _WINSOCK_DEPRECATED_NO_WARNINGS to disable deprecated API warnings
  c:\program files (x86)\windows kits\10\include\10.0.17134.0\um\winsock2.h(2218): note: 'gethostbyname' の宣言を確認してください
  OscOutboundPacketStream.cpp
  OscPrintReceivedElements.cpp
  OscReceivedElements.cpp
  OscTypes.cpp
c:\users\jf\documents\of_v0.10.0_vs2017_release\addons\ofxosc\libs\oscpack\src\osc\oscoutboundpacketstream.cpp(363): warning C4996: 'strcpy': This function or variable may be unsafe. Consider using strcpy_s instead. To disable deprecation, use _CRT_SECURE_NO_WARNINGS. See online help for details.
  c:\program files (x86)\windows kits\10\include\10.0.17134.0\ucrt\string.h(133): note: 'strcpy' の宣言を確認してください
c:\users\jf\documents\of_v0.10.0_vs2017_release\addons\ofxosc\libs\oscpack\src\osc\oscoutboundpacketstream.cpp(605): warning C4996: 'strcpy': This function or variable may be unsafe. Consider using strcpy_s instead. To disable deprecation, use _CRT_SECURE_NO_WARNINGS. See online help for details.
  c:\program files (x86)\windows kits\10\include\10.0.17134.0\ucrt\string.h(133): note: 'strcpy' の宣言を確認してください
c:\users\jf\documents\of_v0.10.0_vs2017_release\addons\ofxosc\libs\oscpack\src\osc\oscoutboundpacketstream.cpp(625): warning C4996: 'strcpy': This function or variable may be unsafe. Consider using strcpy_s instead. To disable deprecation, use _CRT_SECURE_NO_WARNINGS. See online help for details.
  c:\program files (x86)\windows kits\10\include\10.0.17134.0\ucrt\string.h(133): note: 'strcpy' の宣言を確認してください
c:\users\jf\documents\of_v0.10.0_vs2017_release\addons\ofxosc\libs\oscpack\src\osc\oscprintreceivedelements.cpp(129): warning C4996: 'ctime': This function or variable may be unsafe. Consider using ctime_s instead. To disable deprecation, use _CRT_SECURE_NO_WARNINGS. See online help for details.
  c:\program files (x86)\windows kits\10\include\10.0.17134.0\ucrt\time.h(476): note: 'ctime' の宣言を確認してください
     ライブラリ bin\VJ.lib とオブジェクト bin\VJ.exp を作成中
  LINK : /LTCG が指定されましたが、コードの生成は必要ありません。リンク コマンド ラインから /LTCG を削除し、リンカーの性能を改善してください。
  VJ.vcxproj -> C:\Users\jf\Documents\of_v0.10.0_vs2017_release\apps\myApps\VJ\bin\VJ.exe
  
  	                   2	C:\Users\jf\Documents\of_v0.10.0_vs2017_release\libs\fmodex\lib\vs\Win32\
  	  *EXTRA File 		 5647872	C:\Users\jf\Documents\of_v0.10.0_vs2017_release\apps\myApps\VJ\bin\FreeImage.dll
  
  	                   1	C:\Users\jf\Documents\of_v0.10.0_vs2017_release\libs\FreeImage\lib\vs\Win32\
  	  *EXTRA File 		 1266176	C:\Users\jf\Documents\of_v0.10.0_vs2017_release\apps\myApps\VJ\bin\fmodex.dll
  	  *EXTRA File 		 1312768	C:\Users\jf\Documents\of_v0.10.0_vs2017_release\apps\myApps\VJ\bin\fmodexL.dll
